2022-09-22 20:41:52.881  INFO 5430 --- [main] com.example.Spring.Application           : Starting Application using Java 17.0.2 on MacBook-Air-Artem.local with PID 5430 (/Users/artemaverkov/TelegramBot/Spring/target/classes started by artemaverkov in /Users/artemaverkov/TelegramBot)
2022-09-22 20:41:52.883  INFO 5430 --- [main] com.example.Spring.Application           : No active profile set, falling back to 1 default profile: "default"
2022-09-22 20:41:54.016  INFO 5430 --- [main] .s.d.r.c.RepositoryConfigurationDelegate : Bootstrapping Spring Data JPA repositories in DEFAULT mode.
2022-09-22 20:41:54.139  INFO 5430 --- [main] .s.d.r.c.RepositoryConfigurationDelegate : Finished Spring Data repository scanning in 112 ms. Found 1 JPA repository interfaces.
2022-09-22 20:41:55.133  INFO 5430 --- [main] o.hibernate.jpa.internal.util.LogHelper  : HHH000204: Processing PersistenceUnitInfo [name: default]
2022-09-22 20:41:55.197  INFO 5430 --- [main] org.hibernate.Version                    : HHH000412: Hibernate ORM core version 5.6.10.Final
2022-09-22 20:41:55.466  INFO 5430 --- [main] o.hibernate.annotations.common.Version   : HCANN000001: Hibernate Commons Annotations {5.1.2.Final}
2022-09-22 20:41:55.712  INFO 5430 --- [main] com.zaxxer.hikari.HikariDataSource       : HikariPool-1 - Starting...
2022-09-22 20:41:56.438  INFO 5430 --- [main] com.zaxxer.hikari.HikariDataSource       : HikariPool-1 - Start completed.
2022-09-22 20:41:56.463  INFO 5430 --- [main] org.hibernate.dialect.Dialect            : HHH000400: Using dialect: org.hibernate.dialect.MySQL8Dialect
2022-09-22 20:41:57.433  INFO 5430 --- [main] o.h.e.t.j.p.i.JtaPlatformInitiator       : HHH000490: Using JtaPlatform implementation: [org.hibernate.engine.transaction.jta.platform.internal.NoJtaPlatform]
2022-09-22 20:41:57.442  INFO 5430 --- [main] j.LocalContainerEntityManagerFactoryBean : Initialized JPA EntityManagerFactory for persistence unit 'default'
2022-09-22 20:41:59.719  INFO 5430 --- [main] com.example.Spring.Application           : Started Application in 7.915 seconds (JVM running for 9.293)
2022-09-22 20:42:03.064  INFO 5430 --- [Temaaak_bot Telegram Executor] c.example.Spring.controller.TelegramBot  : 873741965
2022-09-22 20:42:03.240  INFO 5430 --- [Temaaak_bot Telegram Executor] c.e.Spring.service.user.UserApiService   : Optional.empty
2022-09-22 20:42:03.606  INFO 5430 --- [Temaaak_bot Telegram Executor] c.example.Spring.controller.TelegramBot  : Replied to userАртем
2022-09-22 20:42:04.767  INFO 5430 --- [Temaaak_bot Telegram Executor] c.example.Spring.controller.TelegramBot  : 873741965
2022-09-22 20:42:04.984  INFO 5430 --- [Temaaak_bot Telegram Executor] c.e.Spring.service.user.UserApiService   : Optional[User(chatId=873741965, firstName=Артем, lastName=Аверков, UserName=null, registeredAt=2022-09-22 20:42:03.244)]
2022-09-22 20:42:19.037  INFO 5430 --- [SpringApplicationShutdownHook] j.LocalContainerEntityManagerFactoryBean : Closing JPA EntityManagerFactory for persistence unit 'default'
2022-09-22 20:42:19.075  INFO 5430 --- [SpringApplicationShutdownHook] com.zaxxer.hikari.HikariDataSource       : HikariPool-1 - Shutdown initiated...
2022-09-22 20:42:19.114  INFO 5430 --- [SpringApplicationShutdownHook] com.zaxxer.hikari.HikariDataSource       : HikariPool-1 - Shutdown completed.
